app/build/intermediates/manifest_merge_blame_file/debug/manifest-merger-blame-debug-report.txt
1<?xml version="1.0" encoding="utf-8"?>
2<manifest xmlns:android="http://schemas.android.com/apk/res/android"
3    package="com.optshield.app"
4    android:versionCode="1"
5    android:versionName="1.0" >
6
7    <uses-sdk
8        android:minSdkVersion="30"
9        android:targetSdkVersion="34" />
10
11    <!-- Policy-compliant: NO READ_SMS, NO READ_CALL_LOG -->
12
13    <uses-permission android:name="android.permission.FOREGROUND_SERVICE" />
13-->src/main/AndroidManifest.xml:6:5-77
13-->src/main/AndroidManifest.xml:6:22-74
14    <uses-permission android:name="android.permission.FOREGROUND_SERVICE_SPECIAL_USE" />
14-->src/main/AndroidManifest.xml:7:5-89
14-->src/main/AndroidManifest.xml:7:22-86
15    <uses-permission android:name="android.permission.POST_NOTIFICATIONS" />
15-->src/main/AndroidManifest.xml:8:5-77
15-->src/main/AndroidManifest.xml:8:22-74
16    <uses-permission android:name="android.permission.SYSTEM_ALERT_WINDOW" />
16-->src/main/AndroidManifest.xml:9:5-78
16-->src/main/AndroidManifest.xml:9:22-75
17    <uses-permission android:name="android.permission.RECEIVE_BOOT_COMPLETED" />
17-->src/main/AndroidManifest.xml:10:5-81
17-->src/main/AndroidManifest.xml:10:22-78
18    <uses-permission android:name="android.permission.READ_PHONE_STATE" />
18-->src/main/AndroidManifest.xml:11:5-75
18-->src/main/AndroidManifest.xml:11:22-72
19
20    <permission
20-->[androidx.core:core:1.12.0] AndroidManifest.xml:22:5-24:47
21        android:name="com.optshield.app.DYNAMIC_RECEIVER_NOT_EXPORTED_PERMISSION"
21-->[androidx.core:core:1.12.0] AndroidManifest.xml:23:9-81
22        android:protectionLevel="signature" />
22-->[androidx.core:core:1.12.0] AndroidManifest.xml:24:9-44
23
24    <uses-permission android:name="com.optshield.app.DYNAMIC_RECEIVER_NOT_EXPORTED_PERMISSION" />
24-->[androidx.core:core:1.12.0] AndroidManifest.xml:26:5-97
24-->[androidx.core:core:1.12.0] AndroidManifest.xml:26:22-94
25
26    <application
26-->src/main/AndroidManifest.xml:13:5-80:19
27        android:name="com.optshield.app.OtpShieldApp"
27-->src/main/AndroidManifest.xml:14:9-37
28        android:allowBackup="true"
28-->src/main/AndroidManifest.xml:15:9-35
29        android:appComponentFactory="androidx.core.app.CoreComponentFactory"
29-->[androidx.core:core:1.12.0] AndroidManifest.xml:28:18-86
30        android:debuggable="true"
31        android:extractNativeLibs="false"
32        android:icon="@android:drawable/ic_lock_lock"
32-->src/main/AndroidManifest.xml:16:9-54
33        android:label="@string/app_name"
33-->src/main/AndroidManifest.xml:17:9-41
34        android:roundIcon="@android:drawable/ic_lock_lock"
34-->src/main/AndroidManifest.xml:18:9-59
35        android:supportsRtl="true"
35-->src/main/AndroidManifest.xml:19:9-35
36        android:theme="@style/Theme.OTPShield" >
36-->src/main/AndroidManifest.xml:20:9-47
37        <activity
37-->src/main/AndroidManifest.xml:22:9-30:20
38            android:name="com.optshield.app.MainActivity"
38-->src/main/AndroidManifest.xml:23:13-41
39            android:exported="true"
39-->src/main/AndroidManifest.xml:24:13-36
40            android:theme="@style/Theme.OTPShield" >
40-->src/main/AndroidManifest.xml:25:13-51
41            <intent-filter>
41-->src/main/AndroidManifest.xml:26:13-29:29
42                <action android:name="android.intent.action.MAIN" />
42-->src/main/AndroidManifest.xml:27:17-69
42-->src/main/AndroidManifest.xml:27:25-66
43
44                <category android:name="android.intent.category.LAUNCHER" />
44-->src/main/AndroidManifest.xml:28:17-77
44-->src/main/AndroidManifest.xml:28:27-74
45            </intent-filter>
46        </activity>
47
48        <!-- Foreground service for persistence -->
49        <service
49-->src/main/AndroidManifest.xml:33:9-41:19
50            android:name="com.optshield.app.MonitorForegroundService"
50-->src/main/AndroidManifest.xml:34:13-53
51            android:enabled="true"
51-->src/main/AndroidManifest.xml:35:13-35
52            android:exported="false"
52-->src/main/AndroidManifest.xml:36:13-37
53            android:foregroundServiceType="specialUse" >
53-->src/main/AndroidManifest.xml:37:13-55
54            <property
54-->src/main/AndroidManifest.xml:38:13-40:57
55                android:name="android.app.PROPERTY_SPECIAL_USE_FGS_SUBTYPE"
55-->src/main/AndroidManifest.xml:39:17-76
56                android:value="OTP Shield monitoring" />
56-->src/main/AndroidManifest.xml:40:17-54
57        </service>
58
59        <!-- Overlay for full-screen alert -->
60        <service
60-->src/main/AndroidManifest.xml:44:9-47:40
61            android:name="com.optshield.app.AlertOverlayService"
61-->src/main/AndroidManifest.xml:45:13-48
62            android:enabled="true"
62-->src/main/AndroidManifest.xml:46:13-35
63            android:exported="false" />
63-->src/main/AndroidManifest.xml:47:13-37
64
65        <!-- Accessibility: WhatsApp/OTP scan -->
66        <service
66-->src/main/AndroidManifest.xml:50:9-60:19
67            android:name="com.optshield.app.OtpShieldAccessibilityService"
67-->src/main/AndroidManifest.xml:51:13-58
68            android:exported="false"
68-->src/main/AndroidManifest.xml:52:13-37
69            android:permission="android.permission.BIND_ACCESSIBILITY_SERVICE" >
69-->src/main/AndroidManifest.xml:53:13-79
70            <intent-filter>
70-->src/main/AndroidManifest.xml:54:13-56:29
71                <action android:name="android.accessibilityservice.AccessibilityService" />
71-->src/main/AndroidManifest.xml:55:17-92
71-->src/main/AndroidManifest.xml:55:25-89
72            </intent-filter>
73
74            <meta-data
74-->src/main/AndroidManifest.xml:57:13-59:71
75                android:name="android.accessibilityservice"
75-->src/main/AndroidManifest.xml:58:17-60
76                android:resource="@xml/accessibilityservice_config" />
76-->src/main/AndroidManifest.xml:59:17-68
77        </service>
78
79        <!-- Notification listener: OTP from notifications (no READ_SMS) -->
80        <service
80-->src/main/AndroidManifest.xml:63:9-70:19
81            android:name="com.optshield.app.OtpNotificationListenerService"
81-->src/main/AndroidManifest.xml:64:13-59
82            android:exported="true"
82-->src/main/AndroidManifest.xml:65:13-36
83            android:permission="android.permission.BIND_NOTIFICATION_LISTENER_SERVICE" >
83-->src/main/AndroidManifest.xml:66:13-87
84            <intent-filter>
84-->src/main/AndroidManifest.xml:67:13-69:29
85                <action android:name="android.service.notification.NotificationListenerService" />
85-->src/main/AndroidManifest.xml:68:17-99
85-->src/main/AndroidManifest.xml:68:25-96
86            </intent-filter>
87        </service>
88
89        <receiver
89-->src/main/AndroidManifest.xml:72:9-79:20
90            android:name="com.optshield.app.BootReceiver"
90-->src/main/AndroidManifest.xml:73:13-41
91            android:enabled="true"
91-->src/main/AndroidManifest.xml:74:13-35
92            android:exported="true" >
92-->src/main/AndroidManifest.xml:75:13-36
93            <intent-filter>
93-->src/main/AndroidManifest.xml:76:13-78:29
94                <action android:name="android.intent.action.BOOT_COMPLETED" />
94-->src/main/AndroidManifest.xml:77:17-79
94-->src/main/AndroidManifest.xml:77:25-76
95            </intent-filter>
96        </receiver>
97
98        <provider
98-->[androidx.emoji2:emoji2:1.2.0] AndroidManifest.xml:24:9-32:20
99            android:name="androidx.startup.InitializationProvider"
99-->[androidx.emoji2:emoji2:1.2.0] AndroidManifest.xml:25:13-67
100            android:authorities="com.optshield.app.androidx-startup"
100-->[androidx.emoji2:emoji2:1.2.0] AndroidManifest.xml:26:13-68
101            android:exported="false" >
101-->[androidx.emoji2:emoji2:1.2.0] AndroidManifest.xml:27:13-37
102            <meta-data
102-->[androidx.emoji2:emoji2:1.2.0] AndroidManifest.xml:29:13-31:52
103                android:name="androidx.emoji2.text.EmojiCompatInitializer"
103-->[androidx.emoji2:emoji2:1.2.0] AndroidManifest.xml:30:17-75
104                android:value="androidx.startup" />
104-->[androidx.emoji2:emoji2:1.2.0] AndroidManifest.xml:31:17-49
105            <meta-data
105-->[androidx.lifecycle:lifecycle-process:2.6.1] AndroidManifest.xml:29:13-31:52
106                android:name="androidx.lifecycle.ProcessLifecycleInitializer"
106-->[androidx.lifecycle:lifecycle-process:2.6.1] AndroidManifest.xml:30:17-78
107                android:value="androidx.startup" />
107-->[androidx.lifecycle:lifecycle-process:2.6.1] AndroidManifest.xml:31:17-49
108            <meta-data
108-->[androidx.profileinstaller:profileinstaller:1.3.0] AndroidManifest.xml:29:13-31:52
109                android:name="androidx.profileinstaller.ProfileInstallerInitializer"
109-->[androidx.profileinstaller:profileinstaller:1.3.0] AndroidManifest.xml:30:17-85
110                android:value="androidx.startup" />
110-->[androidx.profileinstaller:profileinstaller:1.3.0] AndroidManifest.xml:31:17-49
111        </provider>
112
113        <receiver
113-->[androidx.profileinstaller:profileinstaller:1.3.0] AndroidManifest.xml:34:9-52:20
114            android:name="androidx.profileinstaller.ProfileInstallReceiver"
114-->[androidx.profileinstaller:profileinstaller:1.3.0] AndroidManifest.xml:35:13-76
115            android:directBootAware="false"
115-->[androidx.profileinstaller:profileinstaller:1.3.0] AndroidManifest.xml:36:13-44
116            android:enabled="true"
116-->[androidx.profileinstaller:profileinstaller:1.3.0] AndroidManifest.xml:37:13-35
117            android:exported="true"
117-->[androidx.profileinstaller:profileinstaller:1.3.0] AndroidManifest.xml:38:13-36
118            android:permission="android.permission.DUMP" >
118-->[androidx.profileinstaller:profileinstaller:1.3.0] AndroidManifest.xml:39:13-57
119            <intent-filter>
119-->[androidx.profileinstaller:profileinstaller:1.3.0] AndroidManifest.xml:40:13-42:29
120                <action android:name="androidx.profileinstaller.action.INSTALL_PROFILE" />
120-->[androidx.profileinstaller:profileinstaller:1.3.0] AndroidManifest.xml:41:17-91
120-->[androidx.profileinstaller:profileinstaller:1.3.0] AndroidManifest.xml:41:25-88
121            </intent-filter>
122            <intent-filter>
122-->[androidx.profileinstaller:profileinstaller:1.3.0] AndroidManifest.xml:43:13-45:29
123                <action android:name="androidx.profileinstaller.action.SKIP_FILE" />
123-->[androidx.profileinstaller:profileinstaller:1.3.0] AndroidManifest.xml:44:17-85
123-->[androidx.profileinstaller:profileinstaller:1.3.0] AndroidManifest.xml:44:25-82
124            </intent-filter>
125            <intent-filter>
125-->[androidx.profileinstaller:profileinstaller:1.3.0] AndroidManifest.xml:46:13-48:29
126                <action android:name="androidx.profileinstaller.action.SAVE_PROFILE" />
126-->[androidx.profileinstaller:profileinstaller:1.3.0] AndroidManifest.xml:47:17-88
126-->[androidx.profileinstaller:profileinstaller:1.3.0] AndroidManifest.xml:47:25-85
127            </intent-filter>
128            <intent-filter>
128-->[androidx.profileinstaller:profileinstaller:1.3.0] AndroidManifest.xml:49:13-51:29
129                <action android:name="androidx.profileinstaller.action.BENCHMARK_OPERATION" />
129-->[androidx.profileinstaller:profileinstaller:1.3.0] AndroidManifest.xml:50:17-95
129-->[androidx.profileinstaller:profileinstaller:1.3.0] AndroidManifest.xml:50:25-92
130            </intent-filter>
131        </receiver>
132    </application>
133
134</manifest>